0 info it worked if it ends with ok
1 verbose cli [ '/usr/bin/node', '/usr/bin/npm', 'link' ]
2 info using npm@3.3.9
3 info using node@v4.2.1
4 verbose linkPkg /home/nick/Dropbox/Projects/nbreaton.uncc-acm.com
5 verbose stack Error: Package must have a name field to be linked
5 verbose stack     at /usr/lib/node_modules/npm/lib/link.js:144:12
5 verbose stack     at /usr/lib/node_modules/npm/node_modules/read-package-json/read-json.js:345:5
5 verbose stack     at checkBinReferences_ (/usr/lib/node_modules/npm/node_modules/read-package-json/read-json.js:309:45)
5 verbose stack     at final (/usr/lib/node_modules/npm/node_modules/read-package-json/read-json.js:343:3)
5 verbose stack     at then (/usr/lib/node_modules/npm/node_modules/read-package-json/read-json.js:113:5)
5 verbose stack     at /usr/lib/node_modules/npm/node_modules/read-package-json/read-json.js:300:12
5 verbose stack     at /usr/lib/node_modules/npm/node_modules/graceful-fs/graceful-fs.js:76:16
5 verbose stack     at FSReqWrap.readFileAfterClose [as oncomplete] (fs.js:380:3)
6 verbose cwd /home/nick/Dropbox/Projects/nbreaton.uncc-acm.com
7 error Linux 4.2.3-1-ARCH
8 error argv "/usr/bin/node" "/usr/bin/npm" "link"
9 error node v4.2.1
10 error npm  v3.3.9
11 error Package must have a name field to be linked
12 error If you need help, you may report this error at:
12 error     <https://github.com/npm/npm/issues>
13 verbose exit [ 1, true ]
